<testsuites id="" name="" tests="10" failures="5" skipped="0" errors="0" time="73.635166">
<testsuite name="quick.spec.js" timestamp="2025-09-27T17:27:43.416Z" hostname="chromium" tests="10" failures="5" skipped="0" time="330.491" errors="0">
<testcase name="âš¡ Quick Smoke Tests â€º ðŸš€ Site is Online and Accessible" classname="quick.spec.js" time="31.439">
<system-out>
<![CDATA[ðŸ§ª Testing site availability...
âœ… Site responds with 200 OK
âœ… Main page structure is present
]]>
</system-out>
</testcase>
<testcase name="âš¡ Quick Smoke Tests â€º ðŸ”— Critical Pages Load Successfully" classname="quick.spec.js" time="23.895">
<failure message="quick.spec.js:24:3 ðŸ”— Critical Pages Load Successfully" type="FAILURE">
<![CDATA[  [chromium] â€º quick.spec.js:24:3 â€º âš¡ Quick Smoke Tests â€º ðŸ”— Critical Pages Load Successfully â”€â”€â”€â”€â”€â”€

    Error: expect(received).toBe(expected) // Object.is equality

    Expected: 200
    Received: 404

      35 |       
      36 |       const response = await page.goto(`${BASE_URL}${pagePath}`);
    > 37 |       expect(response.status()).toBe(200);
         |                                 ^
      38 |       
      39 |       // ÐŸÑ€Ð¾Ð²ÐµÑ€ÐºÐ° Ð±Ð°Ð·Ð¾Ð²Ñ‹Ñ… ÑÐ»ÐµÐ¼ÐµÐ½Ñ‚Ð¾Ð²
      40 |       await expect(page.locator('h1')).toBeVisible();
        at C:\Users\konfu\Desktop\ÐšÑ€Ð¾Ð»Ð¸ÐºÐ¸\tests\tests\quick.spec.js:37:33

    attachment #1: screenshot (image/png) â”€â”€â”€â”€â”€â”€â”€â”€â”€â”€â”€â”€â”€â”€â”€â”€â”€â”€â”€â”€â”€â”€â”€â”€â”€â”€â”€â”€â”€â”€â”€â”€â”€â”€â”€â”€â”€â”€â”€â”€â”€â”€â”€â”€â”€â”€â”€â”€â”€â”€â”€â”€â”€â”€â”€â”€â”€â”€
    ..\reports\test-results\quick-âš¡-Quick-Smoke-Tests--17a07-cal-Pages-Load-Successfully-chromium\test-failed-1.png
    â”€â”€â”€â”€â”€â”€â”€â”€â”€â”€â”€â”€â”€â”€â”€â”€â”€â”€â”€â”€â”€â”€â”€â”€â”€â”€â”€â”€â”€â”€â”€â”€â”€â”€â”€â”€â”€â”€â”€â”€â”€â”€â”€â”€â”€â”€â”€â”€â”€â”€â”€â”€â”€â”€â”€â”€â”€â”€â”€â”€â”€â”€â”€â”€â”€â”€â”€â”€â”€â”€â”€â”€â”€â”€â”€â”€â”€â”€â”€â”€â”€â”€â”€â”€â”€â”€â”€â”€â”€â”€â”€â”€â”€â”€â”€â”€

    attachment #2: video (video/webm) â”€â”€â”€â”€â”€â”€â”€â”€â”€â”€â”€â”€â”€â”€â”€â”€â”€â”€â”€â”€â”€â”€â”€â”€â”€â”€â”€â”€â”€â”€â”€â”€â”€â”€â”€â”€â”€â”€â”€â”€â”€â”€â”€â”€â”€â”€â”€â”€â”€â”€â”€â”€â”€â”€â”€â”€â”€â”€â”€â”€â”€â”€
    ..\reports\test-results\quick-âš¡-Quick-Smoke-Tests--17a07-cal-Pages-Load-Successfully-chromium\video.webm
    â”€â”€â”€â”€â”€â”€â”€â”€â”€â”€â”€â”€â”€â”€â”€â”€â”€â”€â”€â”€â”€â”€â”€â”€â”€â”€â”€â”€â”€â”€â”€â”€â”€â”€â”€â”€â”€â”€â”€â”€â”€â”€â”€â”€â”€â”€â”€â”€â”€â”€â”€â”€â”€â”€â”€â”€â”€â”€â”€â”€â”€â”€â”€â”€â”€â”€â”€â”€â”€â”€â”€â”€â”€â”€â”€â”€â”€â”€â”€â”€â”€â”€â”€â”€â”€â”€â”€â”€â”€â”€â”€â”€â”€â”€â”€â”€

    Error Context: ..\reports\test-results\quick-âš¡-Quick-Smoke-Tests--17a07-cal-Pages-Load-Successfully-chromium\error-context.md
]]>
</failure>
<system-out>
<![CDATA[ðŸ§ª Testing /...
âœ… / loads correctly
ðŸ§ª Testing /restaurants.html...

[[ATTACHMENT|test-results\quick-âš¡-Quick-Smoke-Tests--17a07-cal-Pages-Load-Successfully-chromium\test-failed-1.png]]

[[ATTACHMENT|test-results\quick-âš¡-Quick-Smoke-Tests--17a07-cal-Pages-Load-Successfully-chromium\video.webm]]

[[ATTACHMENT|test-results\quick-âš¡-Quick-Smoke-Tests--17a07-cal-Pages-Load-Successfully-chromium\error-context.md]]
]]>
</system-out>
</testcase>
<testcase name="âš¡ Quick Smoke Tests â€º ðŸ“± Mobile Responsiveness Quick Check" classname="quick.spec.js" time="31.726">
<failure message="quick.spec.js:47:3 ðŸ“± Mobile Responsiveness Quick Check" type="FAILURE">
<![CDATA[  [chromium] â€º quick.spec.js:47:3 â€º âš¡ Quick Smoke Tests â€º ðŸ“± Mobile Responsiveness Quick Check â”€â”€â”€â”€â”€

    Error: expect(received).toBeLessThanOrEqual(expected)

    Expected: <= 425
    Received:    426

      57 |     const viewportWidth = 375;
      58 |     
    > 59 |     expect(bodyWidth).toBeLessThanOrEqual(viewportWidth + 50); // ÐÐµÐ±Ð¾Ð»ÑŒÑˆÐ¾Ð¹ Ð´Ð¾Ð¿ÑƒÑÐº
         |                       ^
      60 |     
      61 |     console.log('âœ… Mobile responsiveness check passed');
      62 |   });
        at C:\Users\konfu\Desktop\ÐšÑ€Ð¾Ð»Ð¸ÐºÐ¸\tests\tests\quick.spec.js:59:23

    attachment #1: screenshot (image/png) â”€â”€â”€â”€â”€â”€â”€â”€â”€â”€â”€â”€â”€â”€â”€â”€â”€â”€â”€â”€â”€â”€â”€â”€â”€â”€â”€â”€â”€â”€â”€â”€â”€â”€â”€â”€â”€â”€â”€â”€â”€â”€â”€â”€â”€â”€â”€â”€â”€â”€â”€â”€â”€â”€â”€â”€â”€â”€
    ..\reports\test-results\quick-âš¡-Quick-Smoke-Tests--0ba2c--Responsiveness-Quick-Check-chromium\test-failed-1.png
    â”€â”€â”€â”€â”€â”€â”€â”€â”€â”€â”€â”€â”€â”€â”€â”€â”€â”€â”€â”€â”€â”€â”€â”€â”€â”€â”€â”€â”€â”€â”€â”€â”€â”€â”€â”€â”€â”€â”€â”€â”€â”€â”€â”€â”€â”€â”€â”€â”€â”€â”€â”€â”€â”€â”€â”€â”€â”€â”€â”€â”€â”€â”€â”€â”€â”€â”€â”€â”€â”€â”€â”€â”€â”€â”€â”€â”€â”€â”€â”€â”€â”€â”€â”€â”€â”€â”€â”€â”€â”€â”€â”€â”€â”€â”€â”€

    attachment #2: video (video/webm) â”€â”€â”€â”€â”€â”€â”€â”€â”€â”€â”€â”€â”€â”€â”€â”€â”€â”€â”€â”€â”€â”€â”€â”€â”€â”€â”€â”€â”€â”€â”€â”€â”€â”€â”€â”€â”€â”€â”€â”€â”€â”€â”€â”€â”€â”€â”€â”€â”€â”€â”€â”€â”€â”€â”€â”€â”€â”€â”€â”€â”€â”€
    ..\reports\test-results\quick-âš¡-Quick-Smoke-Tests--0ba2c--Responsiveness-Quick-Check-chromium\video.webm
    â”€â”€â”€â”€â”€â”€â”€â”€â”€â”€â”€â”€â”€â”€â”€â”€â”€â”€â”€â”€â”€â”€â”€â”€â”€â”€â”€â”€â”€â”€â”€â”€â”€â”€â”€â”€â”€â”€â”€â”€â”€â”€â”€â”€â”€â”€â”€â”€â”€â”€â”€â”€â”€â”€â”€â”€â”€â”€â”€â”€â”€â”€â”€â”€â”€â”€â”€â”€â”€â”€â”€â”€â”€â”€â”€â”€â”€â”€â”€â”€â”€â”€â”€â”€â”€â”€â”€â”€â”€â”€â”€â”€â”€â”€â”€â”€

    Error Context: ..\reports\test-results\quick-âš¡-Quick-Smoke-Tests--0ba2c--Responsiveness-Quick-Check-chromium\error-context.md
]]>
</failure>
<system-out>
<![CDATA[
[[ATTACHMENT|test-results\quick-âš¡-Quick-Smoke-Tests--0ba2c--Responsiveness-Quick-Check-chromium\test-failed-1.png]]

[[ATTACHMENT|test-results\quick-âš¡-Quick-Smoke-Tests--0ba2c--Responsiveness-Quick-Check-chromium\video.webm]]

[[ATTACHMENT|test-results\quick-âš¡-Quick-Smoke-Tests--0ba2c--Responsiveness-Quick-Check-chromium\error-context.md]]
]]>
</system-out>
</testcase>
<testcase name="âš¡ Quick Smoke Tests â€º âš¡ Performance Quick Check" classname="quick.spec.js" time="32.058">
<failure message="quick.spec.js:64:3 âš¡ Performance Quick Check" type="FAILURE">
<![CDATA[  [chromium] â€º quick.spec.js:64:3 â€º âš¡ Quick Smoke Tests â€º âš¡ Performance Quick Check â”€â”€â”€â”€â”€â”€â”€â”€â”€â”€â”€â”€â”€â”€â”€â”€

    Error: expect(received).toBeLessThan(expected)

    Expected: < 8000
    Received:   24793

      73 |     
      74 |     // Ð‘Ð°Ð·Ð¾Ð²Ð°Ñ Ð¿Ñ€Ð¾Ð²ÐµÑ€ÐºÐ° Ð¿Ñ€Ð¾Ð¸Ð·Ð²Ð¾Ð´Ð¸Ñ‚ÐµÐ»ÑŒÐ½Ð¾ÑÑ‚Ð¸
    > 75 |     expect(loadTime).toBeLessThan(8000); // ÐœÐ°ÐºÑÐ¸Ð¼ÑƒÐ¼ 8 ÑÐµÐºÑƒÐ½Ð´ Ð´Ð»Ñ Ð¿ÐµÑ€Ð²Ð¾Ð¹ Ð·Ð°Ð³Ñ€ÑƒÐ·ÐºÐ¸
         |                      ^
      76 |     
      77 |     console.log('âœ… Performance check passed');
      78 |   });
        at C:\Users\konfu\Desktop\ÐšÑ€Ð¾Ð»Ð¸ÐºÐ¸\tests\tests\quick.spec.js:75:22

    attachment #1: screenshot (image/png) â”€â”€â”€â”€â”€â”€â”€â”€â”€â”€â”€â”€â”€â”€â”€â”€â”€â”€â”€â”€â”€â”€â”€â”€â”€â”€â”€â”€â”€â”€â”€â”€â”€â”€â”€â”€â”€â”€â”€â”€â”€â”€â”€â”€â”€â”€â”€â”€â”€â”€â”€â”€â”€â”€â”€â”€â”€â”€
    ..\reports\test-results\quick-âš¡-Quick-Smoke-Tests-âš¡-Performance-Quick-Check-chromium\test-failed-1.png
    â”€â”€â”€â”€â”€â”€â”€â”€â”€â”€â”€â”€â”€â”€â”€â”€â”€â”€â”€â”€â”€â”€â”€â”€â”€â”€â”€â”€â”€â”€â”€â”€â”€â”€â”€â”€â”€â”€â”€â”€â”€â”€â”€â”€â”€â”€â”€â”€â”€â”€â”€â”€â”€â”€â”€â”€â”€â”€â”€â”€â”€â”€â”€â”€â”€â”€â”€â”€â”€â”€â”€â”€â”€â”€â”€â”€â”€â”€â”€â”€â”€â”€â”€â”€â”€â”€â”€â”€â”€â”€â”€â”€â”€â”€â”€â”€

    attachment #2: video (video/webm) â”€â”€â”€â”€â”€â”€â”€â”€â”€â”€â”€â”€â”€â”€â”€â”€â”€â”€â”€â”€â”€â”€â”€â”€â”€â”€â”€â”€â”€â”€â”€â”€â”€â”€â”€â”€â”€â”€â”€â”€â”€â”€â”€â”€â”€â”€â”€â”€â”€â”€â”€â”€â”€â”€â”€â”€â”€â”€â”€â”€â”€â”€
    ..\reports\test-results\quick-âš¡-Quick-Smoke-Tests-âš¡-Performance-Quick-Check-chromium\video.webm
    â”€â”€â”€â”€â”€â”€â”€â”€â”€â”€â”€â”€â”€â”€â”€â”€â”€â”€â”€â”€â”€â”€â”€â”€â”€â”€â”€â”€â”€â”€â”€â”€â”€â”€â”€â”€â”€â”€â”€â”€â”€â”€â”€â”€â”€â”€â”€â”€â”€â”€â”€â”€â”€â”€â”€â”€â”€â”€â”€â”€â”€â”€â”€â”€â”€â”€â”€â”€â”€â”€â”€â”€â”€â”€â”€â”€â”€â”€â”€â”€â”€â”€â”€â”€â”€â”€â”€â”€â”€â”€â”€â”€â”€â”€â”€â”€

    Error Context: ..\reports\test-results\quick-âš¡-Quick-Smoke-Tests-âš¡-Performance-Quick-Check-chromium\error-context.md
]]>
</failure>
<system-out>
<![CDATA[â±ï¸ Page load time: 24793ms

[[ATTACHMENT|test-results\quick-âš¡-Quick-Smoke-Tests-âš¡-Performance-Quick-Check-chromium\test-failed-1.png]]

[[ATTACHMENT|test-results\quick-âš¡-Quick-Smoke-Tests-âš¡-Performance-Quick-Check-chromium\video.webm]]

[[ATTACHMENT|test-results\quick-âš¡-Quick-Smoke-Tests-âš¡-Performance-Quick-Check-chromium\error-context.md]]
]]>
</system-out>
</testcase>
<testcase name="âš¡ Quick Smoke Tests â€º ðŸ” JavaScript Errors Check" classname="quick.spec.js" time="34.095">
<system-err>
<![CDATA[âš ï¸ JavaScript errors detected: [
  [32m'process is not defined'[39m,
  [32m'this.addReviewsIntegration is not a function'[39m,
  [32m'Failed to initialize catalog: TypeError: this.initializeFilters is not a function\n'[39m +
    [32m'    at CatalogManager.init (https://xn--80apagbbfxgmuj4j.site/scripts/catalog-preview.js:13:18)'[39m
]
]]>
</system-err>
</testcase>
<testcase name="âš¡ Quick Smoke Tests â€º ðŸ“ Contact Form Basic Test" classname="quick.spec.js" time="43.818">
<system-err>
<![CDATA[âš ï¸ Contact form not found
]]>
</system-err>
</testcase>
<testcase name="âš¡ Quick Smoke Tests â€º ðŸŽ¨ CSS Styles Loading Check" classname="quick.spec.js" time="27.094">
<system-out>
<![CDATA[âœ… CSS styles are loading correctly
]]>
</system-out>
</testcase>
<testcase name="âš¡ Quick Smoke Tests â€º ðŸ”— Navigation Menu Check" classname="quick.spec.js" time="31.81">
<system-out>
<![CDATA[âœ… Navigation menu found with 9 links
]]>
</system-out>
</testcase>
<testcase name="âš¡ Quick Smoke Tests â€º ðŸ–¼ï¸ Images Loading Check" classname="quick.spec.js" time="14.047">
<failure message="quick.spec.js:193:3 ðŸ–¼ï¸ Images Loading Check" type="FAILURE">
<![CDATA[  [chromium] â€º quick.spec.js:193:3 â€º âš¡ Quick Smoke Tests â€º ðŸ–¼ï¸ Images Loading Check â”€â”€â”€â”€â”€â”€â”€â”€â”€â”€â”€â”€â”€â”€â”€â”€

    Error: expect(received).toBeGreaterThan(expected)

    Expected: > 0.8
    Received:   0.4444444444444444

      224 |     if (loadedImages + failedImages > 0) {
      225 |       const successRate = loadedImages / (loadedImages + failedImages);
    > 226 |       expect(successRate).toBeGreaterThan(0.8); // 80% ÑƒÑÐ¿ÐµÑˆÐ½Ð¾ Ð·Ð°Ð³Ñ€ÑƒÐ¶ÐµÐ½Ð½Ñ‹Ñ…
          |                           ^
      227 |     }
      228 |   });
      229 |   
        at C:\Users\konfu\Desktop\ÐšÑ€Ð¾Ð»Ð¸ÐºÐ¸\tests\tests\quick.spec.js:226:27

    attachment #1: screenshot (image/png) â”€â”€â”€â”€â”€â”€â”€â”€â”€â”€â”€â”€â”€â”€â”€â”€â”€â”€â”€â”€â”€â”€â”€â”€â”€â”€â”€â”€â”€â”€â”€â”€â”€â”€â”€â”€â”€â”€â”€â”€â”€â”€â”€â”€â”€â”€â”€â”€â”€â”€â”€â”€â”€â”€â”€â”€â”€â”€
    ..\reports\test-results\quick-âš¡-Quick-Smoke-Tests-ðŸ–¼ï¸-Images-Loading-Check-chromium\test-failed-1.png
    â”€â”€â”€â”€â”€â”€â”€â”€â”€â”€â”€â”€â”€â”€â”€â”€â”€â”€â”€â”€â”€â”€â”€â”€â”€â”€â”€â”€â”€â”€â”€â”€â”€â”€â”€â”€â”€â”€â”€â”€â”€â”€â”€â”€â”€â”€â”€â”€â”€â”€â”€â”€â”€â”€â”€â”€â”€â”€â”€â”€â”€â”€â”€â”€â”€â”€â”€â”€â”€â”€â”€â”€â”€â”€â”€â”€â”€â”€â”€â”€â”€â”€â”€â”€â”€â”€â”€â”€â”€â”€â”€â”€â”€â”€â”€â”€

    attachment #2: video (video/webm) â”€â”€â”€â”€â”€â”€â”€â”€â”€â”€â”€â”€â”€â”€â”€â”€â”€â”€â”€â”€â”€â”€â”€â”€â”€â”€â”€â”€â”€â”€â”€â”€â”€â”€â”€â”€â”€â”€â”€â”€â”€â”€â”€â”€â”€â”€â”€â”€â”€â”€â”€â”€â”€â”€â”€â”€â”€â”€â”€â”€â”€â”€
    ..\reports\test-results\quick-âš¡-Quick-Smoke-Tests-ðŸ–¼ï¸-Images-Loading-Check-chromium\video.webm
    â”€â”€â”€â”€â”€â”€â”€â”€â”€â”€â”€â”€â”€â”€â”€â”€â”€â”€â”€â”€â”€â”€â”€â”€â”€â”€â”€â”€â”€â”€â”€â”€â”€â”€â”€â”€â”€â”€â”€â”€â”€â”€â”€â”€â”€â”€â”€â”€â”€â”€â”€â”€â”€â”€â”€â”€â”€â”€â”€â”€â”€â”€â”€â”€â”€â”€â”€â”€â”€â”€â”€â”€â”€â”€â”€â”€â”€â”€â”€â”€â”€â”€â”€â”€â”€â”€â”€â”€â”€â”€â”€â”€â”€â”€â”€â”€

    Error Context: ..\reports\test-results\quick-âš¡-Quick-Smoke-Tests-ðŸ–¼ï¸-Images-Loading-Check-chromium\error-context.md
]]>
</failure>
<system-out>
<![CDATA[ðŸ–¼ï¸ Images status: 4 loaded, 5 failed

[[ATTACHMENT|test-results\quick-âš¡-Quick-Smoke-Tests-ðŸ–¼ï¸-Images-Loading-Check-chromium\test-failed-1.png]]

[[ATTACHMENT|test-results\quick-âš¡-Quick-Smoke-Tests-ðŸ–¼ï¸-Images-Loading-Check-chromium\video.webm]]

[[ATTACHMENT|test-results\quick-âš¡-Quick-Smoke-Tests-ðŸ–¼ï¸-Images-Loading-Check-chromium\error-context.md]]
]]>
</system-out>
<system-err>
<![CDATA[âš ï¸ Image failed to load: /images/photo_2025-09-15_13-17-51.jpg
âš ï¸ Image failed to load: /images/photo_2025-09-15_13-17-52.jpg
âš ï¸ Image failed to load: /images/photo_2025-09-15_13-17-51.jpg
âš ï¸ Image failed to load: /images/photo_2025-09-15_13-17-52.jpg
âš ï¸ Image failed to load: /images/photo_2025-09-15_13-17-51.jpg
]]>
</system-err>
</testcase>
<testcase name="âš¡ Quick Smoke Tests â€º ðŸ“„ Page Metadata Check" classname="quick.spec.js" time="60.509">
<failure message="quick.spec.js:230:3 ðŸ“„ Page Metadata Check" type="FAILURE">
<![CDATA[  [chromium] â€º quick.spec.js:230:3 â€º âš¡ Quick Smoke Tests â€º ðŸ“„ Page Metadata Check â”€â”€â”€â”€â”€â”€â”€â”€â”€â”€â”€â”€â”€â”€â”€â”€â”€â”€

    Test timeout of 60000ms exceeded.

    Error: locator.getAttribute: Test timeout of 60000ms exceeded.
    Call log:
      - waiting for locator('meta[name="description"]')


      237 |     
      238 |     // ÐŸÑ€Ð¾Ð²ÐµÑ€ÐºÐ° meta description
    > 239 |     const description = await page.locator('meta[name="description"]').getAttribute('content');
          |                                                                        ^
      240 |     expect(description).toBeTruthy();
      241 |     
      242 |     // ÐŸÑ€Ð¾Ð²ÐµÑ€ÐºÐ° charset
        at C:\Users\konfu\Desktop\ÐšÑ€Ð¾Ð»Ð¸ÐºÐ¸\tests\tests\quick.spec.js:239:72

    attachment #1: screenshot (image/png) â”€â”€â”€â”€â”€â”€â”€â”€â”€â”€â”€â”€â”€â”€â”€â”€â”€â”€â”€â”€â”€â”€â”€â”€â”€â”€â”€â”€â”€â”€â”€â”€â”€â”€â”€â”€â”€â”€â”€â”€â”€â”€â”€â”€â”€â”€â”€â”€â”€â”€â”€â”€â”€â”€â”€â”€â”€â”€
    ..\reports\test-results\quick-âš¡-Quick-Smoke-Tests-ðŸ“„-Page-Metadata-Check-chromium\test-failed-1.png
    â”€â”€â”€â”€â”€â”€â”€â”€â”€â”€â”€â”€â”€â”€â”€â”€â”€â”€â”€â”€â”€â”€â”€â”€â”€â”€â”€â”€â”€â”€â”€â”€â”€â”€â”€â”€â”€â”€â”€â”€â”€â”€â”€â”€â”€â”€â”€â”€â”€â”€â”€â”€â”€â”€â”€â”€â”€â”€â”€â”€â”€â”€â”€â”€â”€â”€â”€â”€â”€â”€â”€â”€â”€â”€â”€â”€â”€â”€â”€â”€â”€â”€â”€â”€â”€â”€â”€â”€â”€â”€â”€â”€â”€â”€â”€â”€

    attachment #2: video (video/webm) â”€â”€â”€â”€â”€â”€â”€â”€â”€â”€â”€â”€â”€â”€â”€â”€â”€â”€â”€â”€â”€â”€â”€â”€â”€â”€â”€â”€â”€â”€â”€â”€â”€â”€â”€â”€â”€â”€â”€â”€â”€â”€â”€â”€â”€â”€â”€â”€â”€â”€â”€â”€â”€â”€â”€â”€â”€â”€â”€â”€â”€â”€
    ..\reports\test-results\quick-âš¡-Quick-Smoke-Tests-ðŸ“„-Page-Metadata-Check-chromium\video.webm
    â”€â”€â”€â”€â”€â”€â”€â”€â”€â”€â”€â”€â”€â”€â”€â”€â”€â”€â”€â”€â”€â”€â”€â”€â”€â”€â”€â”€â”€â”€â”€â”€â”€â”€â”€â”€â”€â”€â”€â”€â”€â”€â”€â”€â”€â”€â”€â”€â”€â”€â”€â”€â”€â”€â”€â”€â”€â”€â”€â”€â”€â”€â”€â”€â”€â”€â”€â”€â”€â”€â”€â”€â”€â”€â”€â”€â”€â”€â”€â”€â”€â”€â”€â”€â”€â”€â”€â”€â”€â”€â”€â”€â”€â”€â”€â”€

    Error Context: ..\reports\test-results\quick-âš¡-Quick-Smoke-Tests-ðŸ“„-Page-Metadata-Check-chromium\error-context.md
]]>
</failure>
<system-out>
<![CDATA[
[[ATTACHMENT|test-results\quick-âš¡-Quick-Smoke-Tests-ðŸ“„-Page-Metadata-Check-chromium\test-failed-1.png]]

[[ATTACHMENT|test-results\quick-âš¡-Quick-Smoke-Tests-ðŸ“„-Page-Metadata-Check-chromium\video.webm]]

[[ATTACHMENT|test-results\quick-âš¡-Quick-Smoke-Tests-ðŸ“„-Page-Metadata-Check-chromium\error-context.md]]
]]>
</system-out>
</testcase>
</testsuite>
</testsuites>